<?xml version="1.0" encoding="UTF-8"?>
<!-- Generated by org.testng.reporters.JUnitReportReporter -->
<testsuite hostname="TYSS-Karthik" failures="0" tests="1" name="Generic.Base_test" time="2.693" errors="0" timestamp="2022-04-12T13:08:50 IST" skipped="0">
  <testcase classname="Generic.Base_test" name="openBrowser" time="2.693"/>
  <system-out/>
</testsuite> <!-- Generic.Base_test -->
