<?xml version="1.0" encoding="UTF-8"?>
<!-- Generated by org.testng.reporters.JUnitReportReporter -->
<testsuite hostname="TYSS-Karthik" failures="0" tests="7" name="Tests.KB_Flow" time="10.463" errors="0" timestamp="2022-04-13T12:52:34 IST" skipped="0">
  <testcase classname="Tests.KB_Flow" name="Personal_Information_Scripts_1" time="2.411"/>
  <system-out/>
  <testcase classname="Tests.KB_Flow" name="checkbox" time="2.203"/>
  <system-out/>
  <testcase classname="Tests.KB_Flow" name="POST_Create" time="0.293"/>
  <system-out/>
  <testcase classname="Tests.KB_Flow" name="GET_Eligibility" time="0.291"/>
  <system-out/>
  <testcase classname="Tests.KB_Flow" name="POST_generateLink" time="0.323"/>
  <system-out/>
  <testcase classname="Tests.KB_Flow" name="Personal_Information_Scripts_1" time="2.561"/>
  <system-out/>
  <testcase classname="Tests.KB_Flow" name="Personal_Information_Scripts_1" time="2.381"/>
  <system-out/>
</testsuite> <!-- Tests.KB_Flow -->
