<?xml version="1.0" encoding="UTF-8"?>
<!-- Generated by org.testng.reporters.JUnitReportReporter -->
<testsuite hostname="TYSS-Karthik" failures="0" tests="7" name="Tests.PL_Flow" time="10.610" errors="0" timestamp="2022-04-13T12:40:20 IST" skipped="0">
  <testcase classname="Tests.PL_Flow" name="Personal_Information_Scripts_1" time="2.418"/>
  <system-out/>
  <testcase classname="Tests.PL_Flow" name="checkbox" time="2.324"/>
  <system-out/>
  <testcase classname="Tests.PL_Flow" name="POST_generateLink" time="0.301"/>
  <system-out/>
  <testcase classname="Tests.PL_Flow" name="Personal_Information_Scripts_1" time="2.552"/>
  <system-out/>
  <testcase classname="Tests.PL_Flow" name="POST_Create" time="0.312"/>
  <system-out/>
  <testcase classname="Tests.PL_Flow" name="Personal_Information_Scripts_1" time="2.429"/>
  <system-out/>
  <testcase classname="Tests.PL_Flow" name="GET_Eligibility" time="0.274"/>
  <system-out/>
</testsuite> <!-- Tests.PL_Flow -->
