<?xml version="1.0" encoding="UTF-8"?>
<!-- Generated by org.testng.reporters.JUnitReportReporter -->
<testsuite hostname="TYSS-Karthik" failures="0" tests="1" name="Finbox_PL_UAT.Finbox_PL_UAT.App" time="0.000" errors="0" timestamp="2022-04-13T08:19:43 IST" skipped="1">
  <testcase classname="Finbox_PL_UAT.Finbox_PL_UAT.App" name="Personal_Information_Scripts_1" time="0.000">
    <skipped/>
  </testcase> <!-- Personal_Information_Scripts_1 -->
  <system-out/>
</testsuite> <!-- Finbox_PL_UAT.Finbox_PL_UAT.App -->
